2024-11-21 00:01:16,630 [INFO] MainUpdater:2873 - connection check result : 10
2024-11-21 00:01:17,475 [INFO] MainUpdater:2873 - connection check result : 10
2024-11-21 00:01:17,487 [INFO] MicroXplorer:468 - Change Database Path : 
2024-11-21 00:01:17,487 [INFO] MicroXplorer:498 - Change Database Version : DB.6.0.121
2024-11-21 00:01:17,494 [ERROR] ProjectManagerView:394 - 
java.lang.NullPointerException: Cannot invoke "javax.swing.JTextField.getText()" because the return value of "java.util.List.get(int)" is null
	at com.st.microxplorer.plugins.projectmanager.gui.ProjectChoiceTab$10.caretUpdate(ProjectChoiceTab.java:2622) ~[filemanager.jar:?]
	at javax.swing.text.JTextComponent.fireCaretUpdate(JTextComponent.java:412) ~[?:?]
	at javax.swing.text.JTextComponent$MutableCaretEvent.fire(JTextComponent.java:4491) ~[?:?]
	at javax.swing.text.JTextComponent$MutableCaretEvent.stateChanged(JTextComponent.java:4513) ~[?:?]
	at javax.swing.text.DefaultCaret.fireStateChanged(DefaultCaret.java:842) ~[?:?]
	at javax.swing.text.DefaultCaret.changeCaretPosition(DefaultCaret.java:1313) ~[?:?]
	at javax.swing.text.DefaultCaret.handleSetDot(DefaultCaret.java:1212) ~[?:?]
	at javax.swing.text.DefaultCaret.setDot(DefaultCaret.java:1193) ~[?:?]
	at javax.swing.text.DefaultCaret$Handler.insertUpdate(DefaultCaret.java:1789) ~[?:?]
	at javax.swing.text.AbstractDocument.fireInsertUpdate(AbstractDocument.java:226) ~[?:?]
	at javax.swing.text.AbstractDocument.handleInsertString(AbstractDocument.java:780) ~[?:?]
	at javax.swing.text.AbstractDocument.insertString(AbstractDocument.java:739) ~[?:?]
	at javax.swing.text.PlainDocument.insertString(PlainDocument.java:131) ~[?:?]
	at javax.swing.text.AbstractDocument.replace(AbstractDocument.java:698) ~[?:?]
	at javax.swing.text.JTextComponent.setText(JTextComponent.java:1729) ~[?:?]
	at com.st.microxplorer.plugins.projectmanager.gui.ProjectChoiceTab.createHeapStackFields(ProjectChoiceTab.java:972) ~[filemanager.jar:?]
	at com.st.microxplorer.plugins.projectmanager.gui.ProjectChoiceTab.buildLinkSettingsPanel(ProjectChoiceTab.java:3597) ~[filemanager.jar:?]
	at com.st.microxplorer.plugins.projectmanager.gui.ProjectChoiceTab.defineWindowsFields(ProjectChoiceTab.java:1940) ~[filemanager.jar:?]
	at com.st.microxplorer.plugins.projectmanager.gui.ProjectChoiceTab.updateSettings(ProjectChoiceTab.java:550) ~[filemanager.jar:?]
	at com.st.microxplorer.plugins.projectmanager.gui.ProjectSettingsPanel.UpdateDialog(ProjectSettingsPanel.java:245) ~[filemanager.jar:?]
	at com.st.microxplorer.plugins.projectmanager.ProjectManagerView.propertyChange(ProjectManagerView.java:391) ~[filemanager.jar:?]
	at java.beans.PropertyChangeSupport.fire(PropertyChangeSupport.java:343) ~[?:?]
	at java.beans.PropertyChangeSupport.firePropertyChange(PropertyChangeSupport.java:335) ~[?:?]
	at java.beans.PropertyChangeSupport.firePropertyChange(PropertyChangeSupport.java:268) ~[?:?]
	at com.st.microxplorer.util.MXPropertyChangeSupport.firePropertyChange(MXPropertyChangeSupport.java:54) ~[STM32CubeMX.jar:?]
	at com.st.microxplorer.mxsystem.MxSystem.closeConfig(MxSystem.java:900) ~[STM32CubeMX.jar:?]
	at com.st.microxplorer.maingui.MainPanel.closeConfig(MainPanel.java:781) ~[STM32CubeMX.jar:?]
	at com.st.microxplorer.plugins.filemanager.engine.OpenFileManager.loadConfigurationFile(OpenFileManager.java:265) ~[filemanager.jar:?]
	at com.st.microxplorer.plugins.filemanager.engine.MainFileManager.userLoadConfig(MainFileManager.java:352) ~[filemanager.jar:?]
	at com.st.microxplorer.plugins.filemanager.engine.MainFileManager.userLoadConfig(MainFileManager.java:330) ~[filemanager.jar:?]
	at com.st.microxplorer.plugins.filemanager.FileManagerView.getSpecificTask(FileManagerView.java:246) ~[filemanager.jar:?]
	at com.st.stm32cube.common.mx.editor.CubeMxEditor.getMxTabbedPaneInstance(CubeMxEditor.java:1198) ~[com.st.stm32cube.common.mx_6.12.1.202409122256/:?]
	at com.st.stm32cube.common.mx.editor.CubeMxEditor$12$1.createSwingComponent(CubeMxEditor.java:1068) ~[com.st.stm32cube.common.mx_6.12.1.202409122256/:?]
	at com.st.stm32cube.common.mx.oss.core.awtswtbridge.EmbeddedSwingComposite.doComponentCreation(EmbeddedSwingComposite.java:492) ~[com.st.stm32cube.common.mx.oss_6.12.1.202409122256/:?]
	at com.st.stm32cube.common.mx.oss.core.awtswtbridge.EmbeddedSwingComposite$4.run(EmbeddedSwingComposite.java:291) ~[com.st.stm32cube.common.mx.oss_6.12.1.202409122256/:?]
	at com.st.stm32cube.common.mx.oss.core.awtswtbridge.AwtEnvironment$2.run(AwtEnvironment.java:166) ~[com.st.stm32cube.common.mx.oss_6.12.1.202409122256/:?]
	at java.awt.event.InvocationEvent.dispatch(InvocationEvent.java:318) ~[?:?]
	at java.awt.EventQueue.dispatchEventImpl(EventQueue.java:773) ~[?:?]
	at java.awt.EventQueue$4.run(EventQueue.java:720) ~[?:?]
	at java.awt.EventQueue$4.run(EventQueue.java:714) ~[?:?]
	at java.security.AccessController.doPrivileged(AccessController.java:399) ~[?:?]
	at java.security.ProtectionDomain$JavaSecurityAccessImpl.doIntersectionPrivilege(ProtectionDomain.java:86) ~[?:?]
	at java.awt.EventQueue.dispatchEvent(EventQueue.java:742) ~[?:?]
	at java.awt.EventDispatchThread.pumpOneEventForFilters(EventDispatchThread.java:203) ~[?:?]
	at java.awt.EventDispatchThread.pumpEventsForFilter(EventDispatchThread.java:124) ~[?:?]
	at java.awt.EventDispatchThread.pumpEventsForHierarchy(EventDispatchThread.java:113) ~[?:?]
	at java.awt.EventDispatchThread.pumpEvents(EventDispatchThread.java:109) ~[?:?]
	at java.awt.EventDispatchThread.pumpEvents(EventDispatchThread.java:101) ~[?:?]
	at java.awt.EventDispatchThread.run(EventDispatchThread.java:90) ~[?:?]
2024-11-21 00:01:17,494 [WARN] ThirdParty:871 - waiting for thirdparty lock release [close project]
2024-11-21 00:01:17,494 [INFO] ThirdParty:873 - entering critical section [close project]
2024-11-21 00:01:17,494 [INFO] ThirdParty:883 - exiting critical section [close project]
2024-11-21 00:01:17,496 [INFO] PinOutPanel:1561 - setPackage(No Configuration,No Configuration)
2024-11-21 00:01:17,499 [WARN] IpParametersView:151 - Warning: This peripheral hasn't parameters
2024-11-21 00:01:17,501 [WARN] MainPanel:284 - <html><b><center>Warning: This peripheral has no parameters to be configured<br></b></html>
2024-11-21 00:01:17,504 [INFO] UtilMem:75 - Begin LoadConfig() Used Memory: 499077168 Bytes (851443712)
2024-11-21 00:01:17,504 [INFO] MicroXplorer:468 - Change Database Path : 
2024-11-21 00:01:17,504 [INFO] MicroXplorer:498 - Change Database Version : DB.6.0.121
2024-11-21 00:01:17,504 [INFO] OpenFileManager:332 - Change cursor
2024-11-21 00:01:17,513 [INFO] Mcu:2032 - Initializing MCU STM32F411C(C-E)Ux STM32F411CEUx STM32F411CEU6
2024-11-21 00:01:18,031 [INFO] Context:742 - Trying to add GPIOservice into a context  which must be forbidden
2024-11-21 00:01:18,253 [INFO] RtosManager:555 - Registered RTOS mode: class=CMSIS, group=RTOS, mode=CMSIS_V1, owner=FREERTOS
2024-11-21 00:01:18,253 [INFO] RtosManager:555 - Registered RTOS mode: class=CMSIS, group=RTOS2, mode=CMSIS_V2, owner=FREERTOS
2024-11-21 00:01:18,253 [INFO] RtosManager:555 - Registered RTOS mode: class=RTOS, group=Core, mode=CMSIS_V1, owner=FREERTOS
2024-11-21 00:01:18,253 [INFO] RtosManager:555 - Registered RTOS mode: class=RTOS, group=Core, mode=CMSIS_V2, owner=FREERTOS
2024-11-21 00:01:18,254 [WARN] ModelIntegratedComponent:184 - Missing modes for component STMicroelectronics:FreeRTOS:0.0.1:STMicroelectronics:RTOS:FreeRTOS:Core:::10.2.0:
2024-11-21 00:01:18,255 [WARN] ModelIntegratedComponent:63 - No mode defined for component null
2024-11-21 00:01:18,255 [WARN] ModelIntegratedComponent:63 - No mode defined for component null
2024-11-21 00:01:18,255 [WARN] ModelIntegratedComponent:63 - No mode defined for component null
2024-11-21 00:01:18,255 [WARN] ModelIntegratedComponent:63 - No mode defined for component null
2024-11-21 00:01:18,255 [WARN] ModelIntegratedComponent:63 - No mode defined for component null
2024-11-21 00:01:18,255 [WARN] ModelIntegratedComponent:63 - No mode defined for component null
2024-11-21 00:01:18,255 [WARN] ModelIntegratedComponent:63 - No mode defined for component null
2024-11-21 00:01:18,255 [WARN] ModelIntegratedComponent:63 - No mode defined for component null
2024-11-21 00:01:18,255 [WARN] ModelIntegratedComponent:63 - No mode defined for component null
2024-11-21 00:01:18,255 [WARN] ModelIntegratedComponent:63 - No mode defined for component null
2024-11-21 00:01:18,255 [WARN] ModelIntegratedComponent:63 - No mode defined for component null
2024-11-21 00:01:18,255 [WARN] ModelIntegratedComponent:63 - No mode defined for component null
2024-11-21 00:01:18,255 [WARN] ModelIntegratedComponent:63 - No mode defined for component null
2024-11-21 00:01:18,255 [WARN] ModelIntegratedComponent:63 - No mode defined for component null
2024-11-21 00:01:18,255 [WARN] ModelIntegratedComponent:63 - No mode defined for component null
2024-11-21 00:01:18,255 [WARN] ModelIntegratedComponent:63 - No mode defined for component null
2024-11-21 00:01:18,255 [WARN] ModelIntegratedComponent:63 - No mode defined for component null
2024-11-21 00:01:18,255 [WARN] ModelIntegratedComponent:63 - No mode defined for component null
2024-11-21 00:01:18,255 [WARN] ModelIntegratedComponent:63 - No mode defined for component null
2024-11-21 00:01:18,255 [WARN] ModelIntegratedComponent:63 - No mode defined for component null
2024-11-21 00:01:18,255 [WARN] ModelIntegratedComponent:63 - No mode defined for component null
2024-11-21 00:01:18,255 [WARN] ModelIntegratedComponent:63 - No mode defined for component null
2024-11-21 00:01:18,255 [WARN] ModelIntegratedComponent:63 - No mode defined for component null
2024-11-21 00:01:18,255 [WARN] ModelIntegratedComponent:63 - No mode defined for component null
2024-11-21 00:01:18,255 [WARN] ModelIntegratedComponent:63 - No mode defined for component null
2024-11-21 00:01:18,255 [WARN] ModelIntegratedComponent:63 - No mode defined for component null
2024-11-21 00:01:18,255 [WARN] ModelIntegratedComponent:63 - No mode defined for component null
2024-11-21 00:01:18,255 [WARN] ModelIntegratedComponent:63 - No mode defined for component null
2024-11-21 00:01:18,255 [WARN] ModelIntegratedComponent:63 - No mode defined for component null
2024-11-21 00:01:18,255 [WARN] ModelIntegratedComponent:63 - No mode defined for component null
2024-11-21 00:01:18,255 [WARN] ModelIntegratedComponent:63 - No mode defined for component null
2024-11-21 00:01:18,255 [WARN] ModelIntegratedComponent:63 - No mode defined for component null
2024-11-21 00:01:18,255 [WARN] ModelIntegratedComponent:63 - No mode defined for component null
2024-11-21 00:01:18,255 [WARN] ModelIntegratedComponent:63 - No mode defined for component null
2024-11-21 00:01:18,255 [WARN] ModelIntegratedComponent:63 - No mode defined for component null
2024-11-21 00:01:18,255 [WARN] ModelPack:524 - Component already loaded: STMicroelectronics:HAL Drivers:0.0.0:STMicroelectronics:Device:STMicro_Driver:XSPI:HAL::0.0.1:HAL_XSPI
2024-11-21 00:01:18,257 [WARN] ModelIntegratedComponent:182 - Modes not found for component STMicroelectronics:USB_DEVICE:1.0.0:STMicroelectronics:USB::USB Device:Audio HS::1.0:USB_DEVICE_1_0_RESTRICTED_HS
2024-11-21 00:01:18,257 [WARN] ModelIntegratedComponent:188 - Modes not found for component STMicroelectronics:USB_DEVICE:1.0.0:STMicroelectronics:USB::USB Device:Audio HS::1.0:USB_DEVICE_1_0_RESTRICTED_HS
2024-11-21 00:01:18,257 [WARN] ModelIntegratedComponent:182 - Modes not found for component STMicroelectronics:USB_DEVICE:1.0.0:STMicroelectronics:USB::USB Device:CDC HS::1.0:USB_DEVICE_1_0_RESTRICTED_HS
2024-11-21 00:01:18,257 [WARN] ModelIntegratedComponent:188 - Modes not found for component STMicroelectronics:USB_DEVICE:1.0.0:STMicroelectronics:USB::USB Device:CDC HS::1.0:USB_DEVICE_1_0_RESTRICTED_HS
2024-11-21 00:01:18,257 [WARN] ModelIntegratedComponent:182 - Modes not found for component STMicroelectronics:USB_DEVICE:1.0.0:STMicroelectronics:USB::USB Device:DFU HS::1.0:USB_DEVICE_1_0_RESTRICTED_HS
2024-11-21 00:01:18,258 [WARN] ModelIntegratedComponent:188 - Modes not found for component STMicroelectronics:USB_DEVICE:1.0.0:STMicroelectronics:USB::USB Device:DFU HS::1.0:USB_DEVICE_1_0_RESTRICTED_HS
2024-11-21 00:01:18,258 [WARN] ModelIntegratedComponent:182 - Modes not found for component STMicroelectronics:USB_DEVICE:1.0.0:STMicroelectronics:USB::USB Device:HID HS::1.0:USB_DEVICE_1_0_RESTRICTED_HS
2024-11-21 00:01:18,258 [WARN] ModelIntegratedComponent:188 - Modes not found for component STMicroelectronics:USB_DEVICE:1.0.0:STMicroelectronics:USB::USB Device:HID HS::1.0:USB_DEVICE_1_0_RESTRICTED_HS
2024-11-21 00:01:18,258 [WARN] ModelIntegratedComponent:182 - Modes not found for component STMicroelectronics:USB_DEVICE:1.0.0:STMicroelectronics:USB::USB Device:Custom HID HS::1.0:USB_DEVICE_1_0_RESTRICTED_HS
2024-11-21 00:01:18,258 [WARN] ModelIntegratedComponent:188 - Modes not found for component STMicroelectronics:USB_DEVICE:1.0.0:STMicroelectronics:USB::USB Device:Custom HID HS::1.0:USB_DEVICE_1_0_RESTRICTED_HS
2024-11-21 00:01:18,258 [WARN] ModelIntegratedComponent:182 - Modes not found for component STMicroelectronics:USB_DEVICE:1.0.0:STMicroelectronics:USB::USB Device:MSC HS::1.0:USB_DEVICE_1_0_RESTRICTED_HS
2024-11-21 00:01:18,258 [WARN] ModelIntegratedComponent:188 - Modes not found for component STMicroelectronics:USB_DEVICE:1.0.0:STMicroelectronics:USB::USB Device:MSC HS::1.0:USB_DEVICE_1_0_RESTRICTED_HS
2024-11-21 00:01:18,264 [WARN] ModelIntegratedComponent:182 - Modes not found for component STMicroelectronics:USB_HOST:1.0.0:STMicroelectronics:USB::USB Host:Audio HS::1.0:USB_HOST_1_0_RESTRICTED_HS
2024-11-21 00:01:18,264 [WARN] ModelIntegratedComponent:188 - Modes not found for component STMicroelectronics:USB_HOST:1.0.0:STMicroelectronics:USB::USB Host:Audio HS::1.0:USB_HOST_1_0_RESTRICTED_HS
2024-11-21 00:01:18,264 [WARN] ModelIntegratedComponent:182 - Modes not found for component STMicroelectronics:USB_HOST:1.0.0:STMicroelectronics:USB::USB Host:CDC HS::1.0:USB_HOST_1_0_RESTRICTED_HS
2024-11-21 00:01:18,264 [WARN] ModelIntegratedComponent:188 - Modes not found for component STMicroelectronics:USB_HOST:1.0.0:STMicroelectronics:USB::USB Host:CDC HS::1.0:USB_HOST_1_0_RESTRICTED_HS
2024-11-21 00:01:18,264 [WARN] ModelIntegratedComponent:182 - Modes not found for component STMicroelectronics:USB_HOST:1.0.0:STMicroelectronics:USB::USB Host:MSC HS::1.0:USB_HOST_1_0_RESTRICTED_HS
2024-11-21 00:01:18,264 [WARN] ModelIntegratedComponent:188 - Modes not found for component STMicroelectronics:USB_HOST:1.0.0:STMicroelectronics:USB::USB Host:MSC HS::1.0:USB_HOST_1_0_RESTRICTED_HS
2024-11-21 00:01:18,264 [WARN] ModelIntegratedComponent:182 - Modes not found for component STMicroelectronics:USB_HOST:1.0.0:STMicroelectronics:USB::USB Host:HID HS::1.0:USB_HOST_1_0_RESTRICTED_HS
2024-11-21 00:01:18,264 [WARN] ModelIntegratedComponent:188 - Modes not found for component STMicroelectronics:USB_HOST:1.0.0:STMicroelectronics:USB::USB Host:HID HS::1.0:USB_HOST_1_0_RESTRICTED_HS
2024-11-21 00:01:18,264 [WARN] ModelIntegratedComponent:182 - Modes not found for component STMicroelectronics:USB_HOST:1.0.0:STMicroelectronics:USB::USB Host:MTP HS::1.0:USB_HOST_1_0_RESTRICTED_HS
2024-11-21 00:01:18,264 [WARN] ModelIntegratedComponent:188 - Modes not found for component STMicroelectronics:USB_HOST:1.0.0:STMicroelectronics:USB::USB Host:MTP HS::1.0:USB_HOST_1_0_RESTRICTED_HS
2024-11-21 00:01:18,327 [INFO] ThirdPartyModel:298 - Start build external matchings
2024-11-21 00:01:18,916 [INFO] ThirdPartyModel:316 - End build external matchings
2024-11-21 00:01:18,929 [WARN] IP:2191 - I2C_Coeff_DF not found: check if there is a RefParameter without a condition.
2024-11-21 00:01:18,929 [WARN] IP:2191 - Analog_Filter not found: check if there is a RefParameter without a condition.
2024-11-21 00:01:18,929 [INFO] ImportTextPane:205 - (OptionalMessage_ERROR) IP (RCC) : Parameter (48MHZClocksFreq_Value) has invalid value (50000000)
2024-11-21 00:01:18,929 [INFO] ImportTextPane:205 - (OptionalMessage_ERROR) IP (RCC) : Parameter (RTCHSEDivFreq_Value) has invalid value (12500000)
2024-11-21 00:01:19,096 [INFO] UtilMem:75 - End LoadConfig() Used Memory: 595605896 Bytes (851443712)
2024-11-21 00:01:19,135 [WARN] ThirdParty:833 - waiting for thirdparty lock release [change project]
2024-11-21 00:01:19,135 [INFO] ThirdParty:835 - entering critical section [change project]
2024-11-21 00:01:19,135 [INFO] ThirdParty:1030 - CMSIS Pack Vendor :STMicroelectronics USBPD 4.1
2024-11-21 00:01:19,135 [INFO] ThirdParty:1030 - CMSIS Pack Vendor :STMicroelectronics X-CUBE-GNSS1 6.0.0
2024-11-21 00:01:19,135 [INFO] ThirdParty:1030 - CMSIS Pack Vendor :STMicroelectronics USB_HOST 2.0.0
2024-11-21 00:01:19,135 [INFO] ThirdParty:1030 - CMSIS Pack Vendor :STMicroelectronics FP-SNS-MOTENVWB1 1.4.0
2024-11-21 00:01:19,135 [INFO] ThirdParty:1030 - CMSIS Pack Vendor :STMicroelectronics X-CUBE-AZRTOS-F4 1.1.0
2024-11-21 00:01:19,135 [INFO] ThirdParty:1030 - CMSIS Pack Vendor :STMicroelectronics LIBJPEG 8.0.0
2024-11-21 00:01:19,135 [INFO] ThirdParty:1030 - CMSIS Pack Vendor :wolfSSL I-CUBE-wolfSSL 5.6.4
2024-11-21 00:01:19,135 [INFO] ThirdParty:1030 - CMSIS Pack Vendor :STMicroelectronics FP-ATR-ASTRA1 2.0.1
2024-11-21 00:01:19,136 [INFO] ThirdParty:1030 - CMSIS Pack Vendor :STMicroelectronics X-CUBE-SMBUS 2.1.0
2024-11-21 00:01:19,136 [INFO] ThirdParty:1030 - CMSIS Pack Vendor :STMicroelectronics X-CUBE-WB05N 1.1.0
2024-11-21 00:01:19,136 [INFO] ThirdParty:1030 - CMSIS Pack Vendor :STMicroelectronics X-CUBE-ISPU 2.1.0
2024-11-21 00:01:19,136 [INFO] ThirdParty:1030 - CMSIS Pack Vendor :STMicroelectronics X-CUBE-FREERTOS 1.2.0
2024-11-21 00:01:19,136 [INFO] ThirdParty:1030 - CMSIS Pack Vendor :EdgeImpulse sennal_16bits_2 1.0.1
2024-11-21 00:01:19,136 [INFO] ThirdParty:1030 - CMSIS Pack Vendor :STMicroelectronics X-CUBE-TOUCHGFX 4.23.1
2024-11-21 00:01:19,136 [INFO] ThirdParty:1030 - CMSIS Pack Vendor :STMicroelectronics X-CUBE-TOUCHGFX 4.23.0
2024-11-21 00:01:19,136 [INFO] ThirdParty:1030 - CMSIS Pack Vendor :STMicroelectronics X-CUBE-TOUCHGFX 4.23.2
2024-11-21 00:01:19,136 [INFO] ThirdParty:1030 - CMSIS Pack Vendor :STMicroelectronics X-CUBE-AZRTOS-F7 1.1.0
2024-11-21 00:01:19,136 [INFO] ThirdParty:1030 - CMSIS Pack Vendor :STMicroelectronics X-CUBE-AZRTOS-L5 2.0.0
2024-11-21 00:01:19,136 [INFO] ThirdParty:1030 - CMSIS Pack Vendor :STMicroelectronics USB_DEVICE 2.0.0
2024-11-21 00:01:19,136 [INFO] ThirdParty:1030 - CMSIS Pack Vendor :STMicroelectronics X-CUBE-EEPRMA1 4.2.0
2024-11-21 00:01:19,136 [INFO] ThirdParty:1030 - CMSIS Pack Vendor :STMicroelectronics X-CUBE-NFC6 3.1.0
2024-11-21 00:01:19,136 [INFO] ThirdParty:1030 - CMSIS Pack Vendor :ITTIA_DB I-CUBE-ITTIADB 8.8.0
2024-11-21 00:01:19,136 [INFO] ThirdParty:1030 - CMSIS Pack Vendor :STMicroelectronics FP-SNS-MOTENV1 4.3.2
2024-11-21 00:01:19,136 [INFO] ThirdParty:1030 - CMSIS Pack Vendor :STMicroelectronics X-CUBE-MEMS1 11.0.0
2024-11-21 00:01:19,136 [INFO] ThirdParty:1030 - CMSIS Pack Vendor :STMicroelectronics FreeRTOS 0.0.1
2024-11-21 00:01:19,136 [INFO] ThirdParty:1030 - CMSIS Pack Vendor :STMicroelectronics X-CUBE-DPower 1.2.0
2024-11-21 00:01:19,136 [INFO] ThirdParty:1030 - CMSIS Pack Vendor :STMicroelectronics FP-SNS-FLIGHT1 5.0.2
2024-11-21 00:01:19,136 [INFO] ThirdParty:1030 - CMSIS Pack Vendor :STMicroelectronics X-CUBE-AI 9.0.0
2024-11-21 00:01:19,136 [INFO] ThirdParty:1030 - CMSIS Pack Vendor :STMicroelectronics PDM2PCM 3.3.0
2024-11-21 00:01:19,136 [INFO] ThirdParty:1030 - CMSIS Pack Vendor :STMicroelectronics X-CUBE-DISPLAY 3.0.0
2024-11-21 00:01:19,136 [INFO] ThirdParty:1030 - CMSIS Pack Vendor :STMicroelectronics X-CUBE-BLE1 7.0.0
2024-11-21 00:01:19,136 [INFO] ThirdParty:1030 - CMSIS Pack Vendor :STMicroelectronics X-CUBE-NFC10 1.0.0
2024-11-21 00:01:19,136 [INFO] ThirdParty:1030 - CMSIS Pack Vendor :STMicroelectronics HAL Drivers 0.0.0
2024-11-21 00:01:19,136 [INFO] ThirdParty:1030 - CMSIS Pack Vendor :emotas I-CUBE-CANOPEN 1.3.0
2024-11-21 00:01:19,136 [INFO] ThirdParty:1030 - CMSIS Pack Vendor :STMicroelectronics X-CUBE-NFC7 1.0.1
2024-11-21 00:01:19,136 [INFO] ThirdParty:1030 - CMSIS Pack Vendor :STMicroelectronics MBEDTLS 2.14.1
2024-11-21 00:01:19,136 [INFO] ThirdParty:1030 - CMSIS Pack Vendor :wolfSSL I-CUBE-wolfTPM 3.2.0
2024-11-21 00:01:19,136 [INFO] ThirdParty:1030 - CMSIS Pack Vendor :STMicroelectronics X-CUBE-NFC6 3.0.0
2024-11-21 00:01:19,136 [INFO] ThirdParty:1030 - CMSIS Pack Vendor :STMicroelectronics X-CUBE-BLEMGR 3.1.0
2024-11-21 00:01:19,136 [INFO] ThirdParty:1030 - CMSIS Pack Vendor :STMicroelectronics FP-SNS-SMARTAG2 1.2.0
2024-11-21 00:01:19,136 [INFO] ThirdParty:1030 - CMSIS Pack Vendor :STMicroelectronics X-CUBE-AZRTOS-WL 2.0.0
2024-11-21 00:01:19,136 [INFO] ThirdParty:1030 - CMSIS Pack Vendor :STMicroelectronics FP-SNS-MOTENV1 5.0.0
2024-11-21 00:01:19,136 [INFO] ThirdParty:1030 - CMSIS Pack Vendor :STMicroelectronics USB_DEVICE 1.0.0
2024-11-21 00:01:19,136 [INFO] ThirdParty:1030 - CMSIS Pack Vendor :STMicroelectronics X-CUBE-AI 8.1.0
2024-11-21 00:01:19,136 [INFO] ThirdParty:1030 - CMSIS Pack Vendor :wolfSSL I-CUBE-wolfMQTT 1.19.0
2024-11-21 00:01:19,136 [INFO] ThirdParty:1030 - CMSIS Pack Vendor :STMicroelectronics X-CUBE-AZRTOS-L4 2.0.0
2024-11-21 00:01:19,136 [INFO] ThirdParty:1030 - CMSIS Pack Vendor :STMicroelectronics ThreadX 0.0.2
2024-11-21 00:01:19,136 [INFO] ThirdParty:1030 - CMSIS Pack Vendor :WES I-CUBE-Cesium 1.3.0
2024-11-21 00:01:19,136 [INFO] ThirdParty:1030 - CMSIS Pack Vendor :STMicroelectronics lwIP 2.1.2
2024-11-21 00:01:19,136 [INFO] ThirdParty:1030 - CMSIS Pack Vendor :STMicroelectronics X-CUBE-SFXS2LP1 4.0.0
2024-11-21 00:01:19,136 [INFO] ThirdParty:1030 - CMSIS Pack Vendor :STMicroelectronics X-CUBE-BLE2 3.3.0
2024-11-21 00:01:19,136 [INFO] ThirdParty:1030 - CMSIS Pack Vendor :STMicroelectronics PDM2PCM 3.2.0
2024-11-21 00:01:19,136 [INFO] ThirdParty:1030 - CMSIS Pack Vendor :STMicroelectronics X-CUBE-AZRTOS-H7 3.3.0
2024-11-21 00:01:19,136 [INFO] ThirdParty:1030 - CMSIS Pack Vendor :STMicroelectronics X-CUBE-NFC9 1.0.0
2024-11-21 00:01:19,137 [INFO] ThirdParty:1030 - CMSIS Pack Vendor :STMicroelectronics USB_DEVICE 3.0.0
2024-11-21 00:01:19,137 [INFO] ThirdParty:1030 - CMSIS Pack Vendor :STMicroelectronics X-CUBE-TCPP 4.1.0
2024-11-21 00:01:19,137 [INFO] ThirdParty:1030 - CMSIS Pack Vendor :STMicroelectronics X-CUBE-IPS 3.0.0
2024-11-21 00:01:19,137 [INFO] ThirdParty:1030 - CMSIS Pack Vendor :STMicroelectronics X-CUBE-AZRTOS-WB 2.0.0
2024-11-21 00:01:19,137 [INFO] ThirdParty:1030 - CMSIS Pack Vendor :STMicroelectronics X-CUBE-GNSS1 7.0.0
2024-11-21 00:01:19,137 [INFO] ThirdParty:1030 - CMSIS Pack Vendor :STMicroelectronics FP-SNS-STBOX1 2.0.0
2024-11-21 00:01:19,137 [INFO] ThirdParty:1030 - CMSIS Pack Vendor :STMicroelectronics X-CUBE-ALGOBUILD 1.3.0
2024-11-21 00:01:19,137 [INFO] ThirdParty:1030 - CMSIS Pack Vendor :STMicroelectronics X-CUBE-AZRTOS-G0 1.1.0
2024-11-21 00:01:19,137 [INFO] ThirdParty:1030 - CMSIS Pack Vendor :STMicroelectronics X-CUBE-SAFEA1 1.2.2
2024-11-21 00:01:19,137 [INFO] ThirdParty:1030 - CMSIS Pack Vendor :STMicroelectronics X-CUBE-NFC4 3.0.0
2024-11-21 00:01:19,137 [INFO] ThirdParty:1030 - CMSIS Pack Vendor :STMicroelectronics X-CUBE-SUBG2 5.0.0
2024-11-21 00:01:19,137 [INFO] ThirdParty:1030 - CMSIS Pack Vendor :STMicroelectronics STM32_WPAN 1.0.0
2024-11-21 00:01:19,137 [INFO] ThirdParty:1030 - CMSIS Pack Vendor :wolfSSL I-CUBE-wolfMQTT 1.18.0
2024-11-21 00:01:19,137 [INFO] ThirdParty:1030 - CMSIS Pack Vendor :EmbeddedOffice I-CUBE-FS-RTOS 1.0.1
2024-11-21 00:01:19,137 [INFO] ThirdParty:1030 - CMSIS Pack Vendor :STMicroelectronics lwIP 2.0.3
2024-11-21 00:01:19,137 [INFO] ThirdParty:1030 - CMSIS Pack Vendor :STMicroelectronics USB_HOST 1.0.0
2024-11-21 00:01:19,137 [INFO] ThirdParty:1030 - CMSIS Pack Vendor :STMicroelectronics X-CUBE-AZRTOS-G4 2.0.0
2024-11-21 00:01:19,137 [INFO] ThirdParty:1030 - CMSIS Pack Vendor :STMicroelectronics PDM2PCM 3.1.0
2024-11-21 00:01:19,137 [INFO] ThirdParty:1030 - CMSIS Pack Vendor :Infineon AIROC-Wi-Fi-Bluetooth-STM32 1.5.1
2024-11-21 00:01:19,137 [INFO] ThirdParty:1030 - CMSIS Pack Vendor :STMicroelectronics X-CUBE-BLEMGR 3.0.0
2024-11-21 00:01:19,137 [INFO] ThirdParty:1030 - CMSIS Pack Vendor :RealThread X-CUBE-RT-Thread_Nano 4.1.1
2024-11-21 00:01:19,137 [INFO] ThirdParty:1030 - CMSIS Pack Vendor :STMicroelectronics FP-SNS-MOTENVWB1 1.3.1
2024-11-21 00:01:19,137 [INFO] ThirdParty:1030 - CMSIS Pack Vendor :STMicroelectronics FP-ATR-SIGFOX1 3.2.0
2024-11-21 00:01:19,137 [INFO] ThirdParty:1030 - CMSIS Pack Vendor :quantropi X-CUBE-qispace-sdk-base 1.9.3
2024-11-21 00:01:19,137 [INFO] ThirdParty:1030 - CMSIS Pack Vendor :STMicroelectronics X-CUBE-ISPU 2.0.0
2024-11-21 00:01:19,137 [INFO] ThirdParty:1030 - CMSIS Pack Vendor :STMicroelectronics X-CUBE-EEPRMA1 5.1.0
2024-11-21 00:01:19,137 [INFO] ThirdParty:1030 - CMSIS Pack Vendor :STMicroelectronics MBEDTLS 2.16.2
2024-11-21 00:01:19,137 [INFO] ThirdParty:1030 - CMSIS Pack Vendor :STMicroelectronics X-CUBE-ALS 1.0.2
2024-11-21 00:01:19,137 [INFO] ThirdParty:1030 - CMSIS Pack Vendor :STMicroelectronics X-CUBE-MEMS1 10.0.0
2024-11-21 00:01:19,137 [INFO] ThirdParty:1030 - CMSIS Pack Vendor :STMicroelectronics X-CUBE-FREERTOS 1.1.0
2024-11-21 00:01:19,137 [INFO] ThirdParty:1030 - CMSIS Pack Vendor :STMicroelectronics X-CUBE-TOUCHGFX 4.24.0
2024-11-21 00:01:19,137 [INFO] ThirdParty:1030 - CMSIS Pack Vendor :STMicroelectronics X-CUBE-TOUCHGFX 4.24.1
2024-11-21 00:01:19,137 [INFO] ThirdParty:1030 - CMSIS Pack Vendor :portGmbH I-Cube-SoM-uGOAL 1.1.0
2024-11-21 00:01:19,137 [INFO] ThirdParty:1030 - CMSIS Pack Vendor :STMicroelectronics X-CUBE-ALS 1.0.1
2024-11-21 00:01:19,137 [INFO] ThirdParty:1030 - CMSIS Pack Vendor :STMicroelectronics ThreadX 1.0.0
2024-11-21 00:01:19,137 [INFO] ThirdParty:1030 - CMSIS Pack Vendor :EdgeImpulse iris_plant 1.0.2
2024-11-21 00:01:19,137 [INFO] ThirdParty:1030 - CMSIS Pack Vendor :SEGGER I-CUBE-embOS 1.3.1
2024-11-21 00:01:19,137 [INFO] ThirdParty:1030 - CMSIS Pack Vendor :STMicroelectronics X-CUBE-ALGOBUILD 1.4.0
2024-11-21 00:01:19,137 [INFO] ThirdParty:1030 - CMSIS Pack Vendor :STMicroelectronics X-CUBE-AZRTOS-H7RS 1.0.0
2024-11-21 00:01:19,137 [INFO] ThirdParty:1030 - CMSIS Pack Vendor :EdgeImpulse IET_Acc 1.0.1
2024-11-21 00:01:19,137 [INFO] ThirdParty:1030 - CMSIS Pack Vendor :STMicroelectronics FP-ATR-ASTRA1 2.0.0
2024-11-21 00:01:19,137 [INFO] ThirdParty:1030 - CMSIS Pack Vendor :STMicroelectronics X-CUBE-TOF1 3.4.2
2024-11-21 00:01:19,137 [INFO] ThirdParty:1030 - CMSIS Pack Vendor :STMicroelectronics X-CUBE-AI 9.1.0
2024-11-21 00:01:19,137 [INFO] ThirdParty:1030 - CMSIS Pack Vendor :STMicroelectronics X-CUBE-TOF1 3.4.0
2024-11-21 00:01:19,137 [INFO] ThirdParty:1030 - CMSIS Pack Vendor :STMicroelectronics X-CUBE-TOF1 3.4.1
2024-11-21 00:01:19,137 [INFO] ThirdParty:1030 - CMSIS Pack Vendor :STMicroelectronics X-CUBE-AZRTOS-H7 3.2.0
2024-11-21 00:01:19,137 [INFO] ThirdParty:1030 - CMSIS Pack Vendor :wolfSSL I-CUBE-wolfSSH 1.4.17
2024-11-21 00:01:19,137 [INFO] ThirdParty:841 - exiting critical section [change project]
2024-11-21 00:01:19,230 [INFO] PinOutPanel:1561 - setPackage(No Configuration,No Configuration)
2024-11-21 00:01:19,230 [INFO] PinOutPanel:1561 - setPackage(STM32F411CEUx,UFQFPN48)
2024-11-21 00:01:19,387 [INFO] UtilMem:75 - Before build in PCC Used Memory: 327713632 Bytes (851443712)
2024-11-21 00:01:19,515 [INFO] UtilMem:75 - After build in PCC Used Memory: 351093664 Bytes (851443712)
2024-11-21 00:01:19,533 [INFO] IPUIPlugin:80 - create IPUIPlugin
2024-11-21 00:01:19,534 [INFO] IPUIPlugin:80 - create IPUIPlugin
2024-11-21 00:01:19,534 [INFO] IPUIPlugin:80 - create IPUIPlugin
2024-11-21 00:01:19,534 [INFO] IPUIPlugin:80 - create IPUIPlugin
2024-11-21 00:01:19,534 [INFO] IPUIPlugin:80 - create IPUIPlugin
2024-11-21 00:01:19,534 [INFO] IPUIPlugin:80 - create IPUIPlugin
2024-11-21 00:01:19,534 [INFO] IPUIPlugin:80 - create IPUIPlugin
2024-11-21 00:01:19,534 [INFO] IPUIPlugin:80 - create IPUIPlugin
2024-11-21 00:01:19,534 [INFO] IPUIPlugin:80 - create IPUIPlugin
2024-11-21 00:01:19,534 [INFO] IPUIPlugin:80 - create IPUIPlugin
2024-11-21 00:01:19,534 [INFO] IPUIPlugin:80 - create IPUIPlugin
2024-11-21 00:01:19,534 [INFO] IPUIPlugin:80 - create IPUIPlugin
2024-11-21 00:01:19,534 [INFO] IPUIPlugin:80 - create IPUIPlugin
2024-11-21 00:01:19,534 [INFO] IPUIPlugin:80 - create IPUIPlugin
2024-11-21 00:01:19,534 [INFO] IPUIPlugin:80 - create IPUIPlugin
2024-11-21 00:01:19,535 [INFO] IPUIPlugin:80 - create IPUIPlugin
2024-11-21 00:01:19,535 [INFO] IPUIPlugin:80 - create IPUIPlugin
2024-11-21 00:01:19,535 [INFO] IPUIPlugin:80 - create IPUIPlugin
2024-11-21 00:01:19,535 [INFO] IPUIPlugin:80 - create IPUIPlugin
2024-11-21 00:01:19,535 [INFO] IPUIPlugin:80 - create IPUIPlugin
2024-11-21 00:01:19,535 [INFO] IPUIPlugin:80 - create IPUIPlugin
2024-11-21 00:01:19,535 [INFO] IPUIPlugin:80 - create IPUIPlugin
2024-11-21 00:01:19,536 [INFO] IPUIPlugin:80 - create IPUIPlugin
2024-11-21 00:01:19,536 [INFO] IPUIPlugin:80 - create IPUIPlugin
2024-11-21 00:01:19,536 [INFO] IPUIPlugin:80 - create IPUIPlugin
2024-11-21 00:01:19,536 [INFO] IPUIPlugin:80 - create IPUIPlugin
2024-11-21 00:01:19,536 [INFO] IPUIPlugin:80 - create IPUIPlugin
2024-11-21 00:01:19,536 [INFO] IPUIPlugin:80 - create IPUIPlugin
2024-11-21 00:01:19,536 [INFO] IPUIPlugin:80 - create IPUIPlugin
2024-11-21 00:01:19,536 [INFO] IPUIPlugin:80 - create IPUIPlugin
2024-11-21 00:01:19,537 [INFO] IPUIPlugin:80 - create IPUIPlugin
2024-11-21 00:01:19,537 [INFO] IPUIPlugin:80 - create IPUIPlugin
2024-11-21 00:01:19,537 [INFO] IPUIPlugin:80 - create IPUIPlugin
2024-11-21 00:01:19,537 [INFO] IPUIPlugin:80 - create IPUIPlugin
2024-11-21 00:01:19,537 [INFO] IPUIPlugin:80 - create IPUIPlugin
2024-11-21 00:01:19,537 [INFO] IPUIPlugin:80 - create IPUIPlugin
2024-11-21 00:01:19,537 [INFO] IPUIPlugin:80 - create IPUIPlugin
2024-11-21 00:01:19,537 [INFO] IPUIPlugin:80 - create IPUIPlugin
2024-11-21 00:01:19,537 [INFO] IPUIPlugin:80 - create IPUIPlugin
2024-11-21 00:01:19,538 [INFO] IPUIPlugin:80 - create IPUIPlugin
2024-11-21 00:01:19,538 [INFO] IPUIPlugin:80 - create IPUIPlugin
2024-11-21 00:01:19,538 [INFO] IPUIPlugin:80 - create IPUIPlugin
2024-11-21 00:01:19,538 [INFO] IPUIPlugin:80 - create IPUIPlugin
2024-11-21 00:01:19,541 [INFO] ApiDbMcu:508 - Load IP Config File for PDM2PCM
2024-11-21 00:01:19,542 [WARN] IP:2191 - I2C_Coeff_DF not found: check if there is a RefParameter without a condition.
2024-11-21 00:01:19,542 [WARN] IP:2191 - Analog_Filter not found: check if there is a RefParameter without a condition.
2024-11-21 00:01:19,589 [INFO] CADModel:165 - CPN selected for project levelSTM32F411CEU6
2024-11-21 00:01:19,589 [INFO] CADModel:114 - Register for checkConnection events
2024-11-21 00:01:19,641 [INFO] OpenFileManager:363 - Restore cursor
2024-11-21 00:01:19,758 [WARN] IP:2191 - I2C_Coeff_DF not found: check if there is a RefParameter without a condition.
2024-11-21 00:01:19,758 [WARN] IP:2191 - Analog_Filter not found: check if there is a RefParameter without a condition.
2024-11-21 00:01:19,758 [WARN] IP:2191 - I2C_Coeff_DF not found: check if there is a RefParameter without a condition.
2024-11-21 00:01:19,758 [WARN] IP:2191 - Analog_Filter not found: check if there is a RefParameter without a condition.
2024-11-21 00:02:14,555 [INFO] NvicIntPanel:101 - NVIC parent = com.st.microxplorer.plugins.ip.nvic.MultiNvicIntPanel[,0,0,613x477,layout=javax.swing.BoxLayout,alignmentX=0.0,alignmentY=0.0,border=,flags=9,maximumSize=,minimumSize=,preferredSize=]
2024-11-21 00:02:15,802 [INFO] NvicIntPanel:101 - NVIC parent = com.st.microxplorer.plugins.ip.nvic.MultiNvicIntPanel[,0,0,0x0,invalid,layout=javax.swing.BoxLayout,alignmentX=0.0,alignmentY=0.0,border=,flags=9,maximumSize=,minimumSize=,preferredSize=]
2024-11-21 00:02:24,020 [INFO] UtilMem:75 - End SaveConfig() Used Memory: 328074128 Bytes (851443712)
2024-11-21 00:02:24,316 [INFO] UtilMem:75 - End SaveConfig() Used Memory: 352357808 Bytes (851443712)
2024-11-21 00:02:24,524 [INFO] UtilMem:75 - End SaveConfig() Used Memory: 410385296 Bytes (851443712)
2024-11-21 00:02:24,644 [INFO] BlockDiagram:2766 - set Specific Code input for plugin: NVIC
2024-11-21 00:02:24,644 [INFO] BlockDiagram:2766 - set Specific Code input for plugin: USART
2024-11-21 00:02:24,644 [INFO] BlockDiagram:2766 - set Specific Code input for plugin: TIM1_8
2024-11-21 00:02:24,644 [INFO] BlockDiagram:2766 - set Specific Code input for plugin: SYS
2024-11-21 00:02:24,644 [INFO] BlockDiagram:2766 - set Specific Code input for plugin: GPIO
2024-11-21 00:02:24,644 [INFO] BlockDiagram:2766 - set Specific Code input for plugin: ADC
2024-11-21 00:02:24,644 [INFO] BlockDiagram:2766 - set Specific Code input for plugin: RCC
2024-11-21 00:02:24,644 [INFO] BlockDiagram:2766 - set Specific Code input for plugin: I2C
2024-11-21 00:02:24,645 [INFO] CodeGenerator:807 - code generatio: config db path: C:\ST\STM32CubeIDE_1.14.0\STM32CubeIDE\plugins\com.st.stm32cube.common.mx_6.12.1.202409122256\\db\
2024-11-21 00:02:24,647 [WARN] IP:2191 - I2C_Coeff_DF not found: check if there is a RefParameter without a condition.
2024-11-21 00:02:24,647 [WARN] IP:2191 - Analog_Filter not found: check if there is a RefParameter without a condition.
2024-11-21 00:02:24,809 [INFO] CodeEngine:255 - oldGeneratedFile, E:\Hidroponia_colectiva\Software\blackpill_sensors\rack0\MXTmpFiles\license.tmp_save
2024-11-21 00:02:24,883 [INFO] CodeEngine:279 - Generated code: E:\Hidroponia_colectiva\Software\blackpill_sensors\rack0\MXTmpFiles\license.tmp
2024-11-21 00:02:24,967 [INFO] CodeEngine:255 - oldGeneratedFile, E:\Hidroponia_colectiva\Software\blackpill_sensors\rack0\MXTmpFiles\gpio.tmp_save
2024-11-21 00:02:25,038 [INFO] CodeEngine:279 - Generated code: E:\Hidroponia_colectiva\Software\blackpill_sensors\rack0\MXTmpFiles\gpio.tmp
2024-11-21 00:02:25,237 [INFO] CodeEngine:255 - oldGeneratedFile, E:\Hidroponia_colectiva\Software\blackpill_sensors\rack0\Core\Src\stm32f4xx_it.c_save
2024-11-21 00:02:25,396 [INFO] CodeEngine:279 - Generated code: E:\Hidroponia_colectiva\Software\blackpill_sensors\rack0\Core\Src\stm32f4xx_it.c
2024-11-21 00:02:25,417 [INFO] CodeEngine:255 - oldGeneratedFile, E:\Hidroponia_colectiva\Software\blackpill_sensors\rack0\Core\Inc\stm32f4xx_it.h_save
2024-11-21 00:02:25,506 [INFO] CodeEngine:279 - Generated code: E:\Hidroponia_colectiva\Software\blackpill_sensors\rack0\Core\Inc\stm32f4xx_it.h
2024-11-21 00:02:25,584 [INFO] CodeEngine:255 - oldGeneratedFile, E:\Hidroponia_colectiva\Software\blackpill_sensors\rack0\Core\Src\stm32f4xx_hal_msp.c_save
2024-11-21 00:02:25,728 [INFO] CodeEngine:279 - Generated code: E:\Hidroponia_colectiva\Software\blackpill_sensors\rack0\Core\Src\stm32f4xx_hal_msp.c
2024-11-21 00:02:25,754 [INFO] CodeEngine:255 - oldGeneratedFile, E:\Hidroponia_colectiva\Software\blackpill_sensors\rack0\MXTmpFiles\system.tmp_save
2024-11-21 00:02:25,809 [INFO] CodeEngine:279 - Generated code: E:\Hidroponia_colectiva\Software\blackpill_sensors\rack0\MXTmpFiles\system.tmp
2024-11-21 00:02:25,873 [INFO] CodeEngine:311 - oldGeneratedFile, E:\Hidroponia_colectiva\Software\blackpill_sensors\rack0\Core\Inc\stm32f4xx_hal_conf.h_save
2024-11-21 00:02:25,970 [INFO] CodeEngine:335 - Generated code: E:\Hidroponia_colectiva\Software\blackpill_sensors\rack0\Core\Inc\stm32f4xx_hal_conf.h
2024-11-21 00:02:25,989 [WARN] IPConfigManager:3554 - IP not found : TIM
2024-11-21 00:02:25,990 [WARN] CodeGenerator:4002 - IP not found : null
2024-11-21 00:02:26,057 [INFO] CodeEngine:255 - oldGeneratedFile, E:\Hidroponia_colectiva\Software\blackpill_sensors\rack0\Core\Inc\main.h_save
2024-11-21 00:02:26,178 [INFO] CodeEngine:279 - Generated code: E:\Hidroponia_colectiva\Software\blackpill_sensors\rack0\Core\Inc\main.h
2024-11-21 00:02:26,208 [INFO] CodeEngine:255 - oldGeneratedFile, E:\Hidroponia_colectiva\Software\blackpill_sensors\rack0\Core\Src\main.c_save
2024-11-21 00:02:26,335 [INFO] CodeEngine:279 - Generated code: E:\Hidroponia_colectiva\Software\blackpill_sensors\rack0\Core\Src\main.c
2024-11-21 00:02:30,361 [INFO] ProjectBuilder:3249 - Time for Copy HAL[1] : 3879mS.
2024-11-21 00:02:30,363 [INFO] ProjectBuilder:4828 - Project Generator version: 4.5.0-B34
2024-11-21 00:02:30,433 [INFO] ConfigFileManager:1531 - The Die is : DIE431
2024-11-21 00:02:30,443 [INFO] ApiDbMcu:508 - Load IP Config File for FATFS
2024-11-21 00:02:30,455 [INFO] ApiDbMcu:508 - Load IP Config File for FREERTOS
2024-11-21 00:02:30,464 [INFO] ApiDbMcu:508 - Load IP Config File for LIBJPEG
2024-11-21 00:02:30,477 [INFO] ApiDbMcu:508 - Load IP Config File for MBEDTLS
2024-11-21 00:02:30,492 [INFO] ApiDbMcu:508 - Load IP Config File for USB_DEVICE
2024-11-21 00:02:30,503 [INFO] ApiDbMcu:508 - Load IP Config File for USB_HOST
2024-11-21 00:02:32,872 [INFO] ProjectBuilder:5097 - Time for Generating toolchain IDE Files: 2509mS.
2024-11-21 00:02:34,208 [INFO] ProjectBuilder:3107 - Time for Copy CMSIS : 1335mS.
2024-11-21 00:02:34,209 [INFO] ProjectBuilder:3107 - Time for Copy CMSIS : 0mS.
2024-11-21 00:15:41,008 [INFO] WebApp:189 - Connection lost
2024-11-21 00:15:41,176 [INFO] WebApp:186 - Connection restablished
